<?xml version="1.0" encoding="UTF-8"?>
<!-- Generated by org.testng.reporters.JUnitReportReporter -->
<testsuite hostname="EEEPC0413" name="com.tvsm2.TestCases.LoginTest" tests="1" failures="0" timestamp="10 Sep 2019 09:11:23 GMT" time="65.119" errors="0">
  <testcase name="Login_logout_Test" time="65.119" classname="com.tvsm2.TestCases.LoginTest"/>
</testsuite> <!-- com.tvsm2.TestCases.LoginTest -->
