<?xml version="1.0" encoding="UTF-8"?>
<!-- Generated by org.testng.reporters.JUnitReportReporter -->
<testsuite hostname="EEEPC0413" name="com.tvsm2.TestCases.AddVehicleTest" tests="2" failures="0" timestamp="10 Sep 2019 11:27:56 GMT" time="211.685" errors="0">
  <testcase name="delete_vehicle_test" time="76.113" classname="com.tvsm2.TestCases.AddVehicleTest"/>
  <testcase name="add_vehicle_test" time="135.572" classname="com.tvsm2.TestCases.AddVehicleTest"/>
</testsuite> <!-- com.tvsm2.TestCases.AddVehicleTest -->
