<?xml version="1.0" encoding="UTF-8"?>
<!-- Generated by org.testng.reporters.JUnitReportReporter -->
<testsuite hostname="EEEPc0160" failures="0" tests="3" name="com.tvsm2.TestCases.AddVehicleTest" time="116.048" errors="2" timestamp="2019-09-13T19:24:18 IST" skipped="1">
  <testcase classname="com.tvsm2.TestCases.AddVehicleTest" name="add_vehicle_test" time="114.454">
    <error message="Expected condition failed: waiting for visibility of Located by By.chained({By.xpath: //*[@id=&#039;iv_next&#039;]}) (tried for 15 second(s) with 500 milliseconds interval)" type="org.openqa.selenium.TimeoutException">
      <![CDATA[org.openqa.selenium.TimeoutException: Expected condition failed: waiting for visibility of Located by By.chained({By.xpath: //*[@id='iv_next']}) (tried for 15 second(s) with 500 milliseconds interval)
at org.openqa.selenium.support.ui.WebDriverWait.timeoutException(WebDriverWait.java:95)
at org.openqa.selenium.support.ui.FluentWait.until(FluentWait.java:272)
at com.tvsm2.pages.UpdatePage.GoToHomePage(UpdatePage.java:31)
at com.tvsm2.Base.TestBaseClass.Login(TestBaseClass.java:116)
at com.tvsm2.TestCases.AddVehicleTest.add_vehicle_test(AddVehicleTest.java:23)
at java.base/jdk.internal.reflect.NativeMethodAccessorImpl.invoke0(Native Method)
at java.base/jdk.internal.reflect.NativeMethodAccessorImpl.invoke(NativeMethodAccessorImpl.java:62)
at java.base/jdk.internal.reflect.DelegatingMethodAccessorImpl.invoke(DelegatingMethodAccessorImpl.java:43)
at java.base/java.lang.reflect.Method.invoke(Method.java:567)
at org.testng.internal.MethodInvocationHelper.invokeMethod(MethodInvocationHelper.java:133)
at org.testng.internal.TestInvoker.invokeMethod(TestInvoker.java:584)
at org.testng.internal.TestInvoker.invokeTestMethod(TestInvoker.java:172)
at org.testng.internal.MethodRunner.runInSequence(MethodRunner.java:46)
at org.testng.internal.TestInvoker$MethodInvocationAgent.invoke(TestInvoker.java:804)
at org.testng.internal.TestInvoker.invokeTestMethods(TestInvoker.java:145)
at org.testng.internal.TestMethodWorker.invokeTestMethods(TestMethodWorker.java:146)
at org.testng.internal.TestMethodWorker.run(TestMethodWorker.java:128)
at java.base/java.util.ArrayList.forEach(ArrayList.java:1540)
at org.testng.TestRunner.privateRun(TestRunner.java:770)
at org.testng.TestRunner.run(TestRunner.java:591)
at org.testng.SuiteRunner.runTest(SuiteRunner.java:402)
at org.testng.SuiteRunner.runSequentially(SuiteRunner.java:396)
at org.testng.SuiteRunner.privateRun(SuiteRunner.java:355)
at org.testng.SuiteRunner.run(SuiteRunner.java:304)
at org.testng.SuiteRunnerWorker.runSuite(SuiteRunnerWorker.java:53)
at org.testng.SuiteRunnerWorker.run(SuiteRunnerWorker.java:96)
at org.testng.TestNG.runSuitesSequentially(TestNG.java:1180)
at org.testng.TestNG.runSuitesLocally(TestNG.java:1102)
at org.testng.TestNG.runSuites(TestNG.java:1032)
at org.testng.TestNG.run(TestNG.java:1000)
at org.testng.remote.AbstractRemoteTestNG.run(AbstractRemoteTestNG.java:115)
at org.testng.remote.RemoteTestNG.initAndRun(RemoteTestNG.java:251)
at org.testng.remote.RemoteTestNG.main(RemoteTestNG.java:77)
Caused by: org.openqa.selenium.NoSuchElementException: Can't locate an element by this strategy: By.chained({By.xpath: //*[@id='iv_next']})
at io.appium.java_client.pagefactory.AppiumElementLocator.findElement(AppiumElementLocator.java:126)
at io.appium.java_client.pagefactory.interceptors.InterceptorOfASingleElement.intercept(InterceptorOfASingleElement.java:59)
at io.appium.java_client.android.AndroidElement$$EnhancerByCGLIB$$c0b591f0.isDisplayed(<generated>)
at org.openqa.selenium.support.ui.ExpectedConditions.elementIfVisible(ExpectedConditions.java:314)
at org.openqa.selenium.support.ui.ExpectedConditions.access$000(ExpectedConditions.java:43)
at org.openqa.selenium.support.ui.ExpectedConditions$10.apply(ExpectedConditions.java:300)
at org.openqa.selenium.support.ui.ExpectedConditions$10.apply(ExpectedConditions.java:297)
at org.openqa.selenium.support.ui.FluentWait.until(FluentWait.java:249)
... 31 more
Caused by: org.openqa.selenium.TimeoutException: Expected condition failed: waiting for io.appium.java_client.pagefactory.AppiumElementLocator$WaitingFunction@66434cc8 (tried for 1 second(s) with 500 milliseconds interval)
at org.openqa.selenium.support.ui.FluentWait.timeoutException(FluentWait.java:304)
at org.openqa.selenium.support.ui.FluentWait.until(FluentWait.java:272)
at io.appium.java_client.pagefactory.AppiumElementLocator.waitFor(AppiumElementLocator.java:99)
at io.appium.java_client.pagefactory.AppiumElementLocator.findElement(AppiumElementLocator.java:119)
... 38 more
Caused by: org.openqa.selenium.NoSuchElementException: Cannot locate an element using By.chained({By.xpath: //*[@id='iv_next']})
For documentation on this error, please visit: https://www.seleniumhq.org/exceptions/no_such_element.html
Build info: version: '3.141.59', revision: 'e82be7d358', time: '2018-11-14T08:17:03'
System info: host: 'EEEPC0160', ip: '172.16.10.67', os.name: 'Windows 8.1', os.arch: 'amd64', os.version: '6.3', java.version: '12.0.2'
Driver info: driver.version: AndroidDriver
at io.appium.java_client.pagefactory.bys.builder.ByChained.findElement(ByChained.java:74)
at org.openqa.selenium.remote.RemoteWebDriver.findElement(RemoteWebDriver.java:315)
at io.appium.java_client.DefaultGenericMobileDriver.findElement(DefaultGenericMobileDriver.java:58)
at io.appium.java_client.AppiumDriver.findElement(AppiumDriver.java:1)
at io.appium.java_client.android.AndroidDriver.findElement(AndroidDriver.java:1)
at io.appium.java_client.pagefactory.bys.ContentMappedBy.findElement(ContentMappedBy.java:50)
at org.openqa.selenium.remote.RemoteWebDriver.findElement(RemoteWebDriver.java:315)
at io.appium.java_client.DefaultGenericMobileDriver.findElement(DefaultGenericMobileDriver.java:58)
at io.appium.java_client.AppiumDriver.findElement(AppiumDriver.java:1)
at io.appium.java_client.android.AndroidDriver.findElement(AndroidDriver.java:1)
at io.appium.java_client.pagefactory.AppiumElementLocator.lambda$0(AppiumElementLocator.java:120)
at io.appium.java_client.pagefactory.AppiumElementLocator$WaitingFunction.apply(AppiumElementLocator.java:172)
at io.appium.java_client.pagefactory.AppiumElementLocator$WaitingFunction.apply(AppiumElementLocator.java:1)
at org.openqa.selenium.support.ui.FluentWait.until(FluentWait.java:249)
... 40 more
]]>
    </error>
  </testcase> <!-- add_vehicle_test -->
  <testcase classname="com.tvsm2.TestCases.AddVehicleTest" name="delete_vehicle_test" time="0.000">
    <skipped/>
  </testcase> <!-- delete_vehicle_test -->
  <testcase classname="com.tvsm2.TestCases.AddVehicleTest" name="logout" time="1.594">
    <error message="An element could not be located on the page using the given search parameters. (WARNING: The server did not provide any stacktrace information)
Command duration or timeout: 0 milliseconds
For documentation on this error, please visit: https://www.seleniumhq.org/exceptions/no_such_element.html
Build info: version: &#039;3.141.59&#039;, revision: &#039;e82be7d358&#039;, time: &#039;2018-11-14T08:17:03&#039;
System info: host: &#039;EEEPC0160&#039;, ip: &#039;172.16.10.67&#039;, os.name: &#039;Windows 8.1&#039;, os.arch: &#039;amd64&#039;, os.version: &#039;6.3&#039;, java.version: &#039;12.0.2&#039;
Driver info: io.appium.java_client.android.AndroidDriver
Capabilities {adbPort: 15022, appActivity: com.tvsm.connect.SplashActi..., appPackage: com.tvsm.connect, appiumVersion: 1.14.0, autoGrantPermissions: true, cacheId: 16d2a5ccd7a, chromedriverChromeMappingFile: /root/.testobject_devices/w..., chromedriverExecutableDir: /root/.testobject_devices/w..., chromedriverPorts: [[26220, 26230]], databaseEnabled: false, desired: {adbPort: 15022, appActivity: com.tvsm.connect.SplashActi..., appPackage: com.tvsm.connect, appiumVersion: 1.14.0, autoGrantPermissions: true, cacheId: 16d2a5ccd7a, chromedriverChromeMappingFile: /root/.testobject_devices/w..., chromedriverExecutableDir: /root/.testobject_devices/w..., chromedriverPorts: [[26220, 26230]], deviceName: Motorola_Moto_G6_free, deviceOrientation: portrait, name: TVSM Sample Test, noReset: false, platform: ANDROID, platformName: Android, suppressKillServer: true, systemPort: 8222, testobject_api_key: 083D5A39FAD945F5800713594D0..., testobject_app_id: 1, testobject_appium_version: 1.14.0, testobject_device: Motorola_Moto_G6_free, testobject_platform_name: Android, testobject_test_name: TVSM Sample Test, usedCachedDevice: true, version: }, deviceApiLevel: 26, deviceContextId: ff32d06d-f8ee-4540-bfba-661..., deviceManufacturer: motorola, deviceModel: moto g(6), deviceName: 127.0.0.1:16001, deviceOrientation: portrait, deviceScreenDensity: 480, deviceScreenSize: 1080x2160, deviceUDID: 127.0.0.1:16001, javascriptEnabled: true, locationContextEnabled: false, name: TVSM Sample Test, networkConnectionEnabled: true, noReset: false, pixelRatio: 3, platform: ANDROID, platformName: Android, platformVersion: 8.0.0, statBarHeight: 72, suppressKillServer: true, systemPort: 8222, takesScreenshot: true, testobject_api_key: 083D5A39FAD945F5800713594D0..., testobject_app_id: 1, testobject_appium_version: 1.14.0, testobject_device: Motorola_Moto_G6_free, testobject_device_name: Motorola Moto G6, testobject_device_session_id: f67ccae0-0a31-40b0-8e3a-76c..., testobject_platform_name: Android, testobject_project_id: tvs-connect, testobject_test_live_view_url: https://app.testobject.com/..., testobject_test_name: TVSM Sample Test, testobject_test_report_api_url: https://app.testobject.com/..., testobject_test_report_id: 6, testobject_test_report_url: https://app.testobject.com/..., testobject_user_id: deshmanedr, usedCachedDevice: true, version: , viewportRect: {height: 1944, left: 0, top: 72, width: 1080}, warnings: {}, webStorageEnabled: false}
Session ID: 5dcf1c8d-83df-4822-82b5-f6b7daf7bc5e
*** Element info: {Using=xpath, value=//*[@id=&#039;imgBack&#039;]}" type="org.openqa.selenium.NoSuchElementException">
      <![CDATA[org.openqa.selenium.NoSuchElementException: An element could not be located on the page using the given search parameters. (WARNING: The server did not provide any stacktrace information)
Command duration or timeout: 0 milliseconds
For documentation on this error, please visit: https://www.seleniumhq.org/exceptions/no_such_element.html
Build info: version: '3.141.59', revision: 'e82be7d358', time: '2018-11-14T08:17:03'
System info: host: 'EEEPC0160', ip: '172.16.10.67', os.name: 'Windows 8.1', os.arch: 'amd64', os.version: '6.3', java.version: '12.0.2'
Driver info: io.appium.java_client.android.AndroidDriver
Capabilities {adbPort: 15022, appActivity: com.tvsm.connect.SplashActi..., appPackage: com.tvsm.connect, appiumVersion: 1.14.0, autoGrantPermissions: true, cacheId: 16d2a5ccd7a, chromedriverChromeMappingFile: /root/.testobject_devices/w..., chromedriverExecutableDir: /root/.testobject_devices/w..., chromedriverPorts: [[26220, 26230]], databaseEnabled: false, desired: {adbPort: 15022, appActivity: com.tvsm.connect.SplashActi..., appPackage: com.tvsm.connect, appiumVersion: 1.14.0, autoGrantPermissions: true, cacheId: 16d2a5ccd7a, chromedriverChromeMappingFile: /root/.testobject_devices/w..., chromedriverExecutableDir: /root/.testobject_devices/w..., chromedriverPorts: [[26220, 26230]], deviceName: Motorola_Moto_G6_free, deviceOrientation: portrait, name: TVSM Sample Test, noReset: false, platform: ANDROID, platformName: Android, suppressKillServer: true, systemPort: 8222, testobject_api_key: 083D5A39FAD945F5800713594D0..., testobject_app_id: 1, testobject_appium_version: 1.14.0, testobject_device: Motorola_Moto_G6_free, testobject_platform_name: Android, testobject_test_name: TVSM Sample Test, usedCachedDevice: true, version: }, deviceApiLevel: 26, deviceContextId: ff32d06d-f8ee-4540-bfba-661..., deviceManufacturer: motorola, deviceModel: moto g(6), deviceName: 127.0.0.1:16001, deviceOrientation: portrait, deviceScreenDensity: 480, deviceScreenSize: 1080x2160, deviceUDID: 127.0.0.1:16001, javascriptEnabled: true, locationContextEnabled: false, name: TVSM Sample Test, networkConnectionEnabled: true, noReset: false, pixelRatio: 3, platform: ANDROID, platformName: Android, platformVersion: 8.0.0, statBarHeight: 72, suppressKillServer: true, systemPort: 8222, takesScreenshot: true, testobject_api_key: 083D5A39FAD945F5800713594D0..., testobject_app_id: 1, testobject_appium_version: 1.14.0, testobject_device: Motorola_Moto_G6_free, testobject_device_name: Motorola Moto G6, testobject_device_session_id: f67ccae0-0a31-40b0-8e3a-76c..., testobject_platform_name: Android, testobject_project_id: tvs-connect, testobject_test_live_view_url: https://app.testobject.com/..., testobject_test_name: TVSM Sample Test, testobject_test_report_api_url: https://app.testobject.com/..., testobject_test_report_id: 6, testobject_test_report_url: https://app.testobject.com/..., testobject_user_id: deshmanedr, usedCachedDevice: true, version: , viewportRect: {height: 1944, left: 0, top: 72, width: 1080}, warnings: {}, webStorageEnabled: false}
Session ID: 5dcf1c8d-83df-4822-82b5-f6b7daf7bc5e
*** Element info: {Using=xpath, value=//*[@id='imgBack']}
at java.base/jdk.internal.reflect.NativeConstructorAccessorImpl.newInstance0(Native Method)
at java.base/jdk.internal.reflect.NativeConstructorAccessorImpl.newInstance(NativeConstructorAccessorImpl.java:62)
at java.base/jdk.internal.reflect.DelegatingConstructorAccessorImpl.newInstance(DelegatingConstructorAccessorImpl.java:45)
at java.base/java.lang.reflect.Constructor.newInstanceWithCaller(Constructor.java:500)
at java.base/java.lang.reflect.Constructor.newInstance(Constructor.java:481)
at org.openqa.selenium.remote.ErrorHandler.createThrowable(ErrorHandler.java:214)
at org.openqa.selenium.remote.ErrorHandler.throwIfResponseFailed(ErrorHandler.java:166)
at org.openqa.selenium.remote.http.JsonHttpResponseCodec.reconstructValue(JsonHttpResponseCodec.java:40)
at org.openqa.selenium.remote.http.AbstractHttpResponseCodec.decode(AbstractHttpResponseCodec.java:80)
at org.openqa.selenium.remote.http.AbstractHttpResponseCodec.decode(AbstractHttpResponseCodec.java:44)
at org.openqa.selenium.remote.HttpCommandExecutor.execute(HttpCommandExecutor.java:158)
at io.appium.java_client.remote.AppiumCommandExecutor.execute(AppiumCommandExecutor.java:239)
at org.openqa.selenium.remote.RemoteWebDriver.execute(RemoteWebDriver.java:552)
at io.appium.java_client.DefaultGenericMobileDriver.execute(DefaultGenericMobileDriver.java:42)
at io.appium.java_client.AppiumDriver.execute(AppiumDriver.java:1)
at io.appium.java_client.android.AndroidDriver.execute(AndroidDriver.java:1)
at org.openqa.selenium.remote.RemoteWebDriver.findElement(RemoteWebDriver.java:323)
at io.appium.java_client.DefaultGenericMobileDriver.findElement(DefaultGenericMobileDriver.java:62)
at io.appium.java_client.AppiumDriver.findElement(AppiumDriver.java:1)
at io.appium.java_client.android.AndroidDriver.findElement(AndroidDriver.java:1)
at org.openqa.selenium.remote.RemoteWebDriver.findElementByXPath(RemoteWebDriver.java:428)
at io.appium.java_client.DefaultGenericMobileDriver.findElementByXPath(DefaultGenericMobileDriver.java:152)
at io.appium.java_client.AppiumDriver.findElementByXPath(AppiumDriver.java:1)
at io.appium.java_client.android.AndroidDriver.findElementByXPath(AndroidDriver.java:1)
at org.openqa.selenium.By$ByXPath.findElement(By.java:353)
at org.openqa.selenium.remote.RemoteWebDriver.findElement(RemoteWebDriver.java:315)
at io.appium.java_client.DefaultGenericMobileDriver.findElement(DefaultGenericMobileDriver.java:58)
at io.appium.java_client.AppiumDriver.findElement(AppiumDriver.java:1)
at io.appium.java_client.android.AndroidDriver.findElement(AndroidDriver.java:1)
at com.tvsm2.Base.TestBaseClass.Logout(TestBaseClass.java:128)
at com.tvsm2.TestCases.AddVehicleTest.logout(AddVehicleTest.java:46)
at java.base/jdk.internal.reflect.NativeMethodAccessorImpl.invoke0(Native Method)
at java.base/jdk.internal.reflect.NativeMethodAccessorImpl.invoke(NativeMethodAccessorImpl.java:62)
at java.base/jdk.internal.reflect.DelegatingMethodAccessorImpl.invoke(DelegatingMethodAccessorImpl.java:43)
at java.base/java.lang.reflect.Method.invoke(Method.java:567)
at org.testng.internal.MethodInvocationHelper.invokeMethod(MethodInvocationHelper.java:133)
at org.testng.internal.MethodInvocationHelper.invokeMethodConsideringTimeout(MethodInvocationHelper.java:62)
at org.testng.internal.ConfigInvoker.invokeConfigurationMethod(ConfigInvoker.java:340)
at org.testng.internal.ConfigInvoker.invokeConfigurations(ConfigInvoker.java:294)
at org.testng.internal.TestInvoker.runConfigMethods(TestInvoker.java:683)
at org.testng.internal.TestInvoker.runAfterGroupsConfigurations(TestInvoker.java:658)
at org.testng.internal.TestInvoker.invokeMethod(TestInvoker.java:642)
at org.testng.internal.TestInvoker.invokeTestMethod(TestInvoker.java:172)
at org.testng.internal.MethodRunner.runInSequence(MethodRunner.java:46)
at org.testng.internal.TestInvoker$MethodInvocationAgent.invoke(TestInvoker.java:804)
at org.testng.internal.TestInvoker.invokeTestMethods(TestInvoker.java:145)
at org.testng.internal.TestMethodWorker.invokeTestMethods(TestMethodWorker.java:146)
at org.testng.internal.TestMethodWorker.run(TestMethodWorker.java:128)
at java.base/java.util.ArrayList.forEach(ArrayList.java:1540)
at org.testng.TestRunner.privateRun(TestRunner.java:770)
at org.testng.TestRunner.run(TestRunner.java:591)
at org.testng.SuiteRunner.runTest(SuiteRunner.java:402)
at org.testng.SuiteRunner.runSequentially(SuiteRunner.java:396)
at org.testng.SuiteRunner.privateRun(SuiteRunner.java:355)
at org.testng.SuiteRunner.run(SuiteRunner.java:304)
at org.testng.SuiteRunnerWorker.runSuite(SuiteRunnerWorker.java:53)
at org.testng.SuiteRunnerWorker.run(SuiteRunnerWorker.java:96)
at org.testng.TestNG.runSuitesSequentially(TestNG.java:1180)
at org.testng.TestNG.runSuitesLocally(TestNG.java:1102)
at org.testng.TestNG.runSuites(TestNG.java:1032)
at org.testng.TestNG.run(TestNG.java:1000)
at org.testng.remote.AbstractRemoteTestNG.run(AbstractRemoteTestNG.java:115)
at org.testng.remote.RemoteTestNG.initAndRun(RemoteTestNG.java:251)
at org.testng.remote.RemoteTestNG.main(RemoteTestNG.java:77)
]]>
    </error>
  </testcase> <!-- logout -->
</testsuite> <!-- com.tvsm2.TestCases.AddVehicleTest -->
